<?xml version='1.0' encoding='UTF-8'?>
<testsuite hostname="Laptop1" name="VendingTester" tests="4" errors="0" failures="0" skipped="0" time="6.474" timestamp="2024-03-14T16:55:10">
          <properties>
[...]
</properties>
          <testcase classname="VendingTester" name="Vending machine test should pass" time="4.335">
                      
                    </testcase><testcase classname="VendingTester" name="Vending machine should Release can" time="0.643">
                      
                    </testcase><testcase classname="VendingTester" name="Vending machine should Not release can" time="0.484">
                      
                    </testcase><testcase classname="VendingTester" name="Vending machine should Pass in this random test" time="1.012">
                      
                    </testcase>
          <system-out><![CDATA[]]></system-out>
          <system-err><![CDATA[]]></system-err>
        </testsuite>